WARNING: Using incubator modules: jdk.incubator.vector
Using Spark's default log4j profile: org/apache/spark/log4j2-defaults.properties
Setting default log level to "WARN".
To adjust logging level use sc.setLogLevel(newLevel). For SparkR, use setLogLevel(newLevel).
[config] N_VALUES=[1000, 10000]
[config] SUFFIX='_ass3_ruben_sanity'

=== Running n=1000 ===

[Stage 0:>                                                          (0 + 2) / 2]

                                                                                

[Stage 1:>                                                          (0 + 2) / 2]

[Stage 1:=============================>                             (1 + 1) / 2]

[Stage 2:>                                                          (0 + 2) / 2]

[Stage 2:=============================>                             (1 + 1) / 2]

[Stage 3:>                                                          (0 + 2) / 2]

[Stage 4:>                                                          (0 + 2) / 2]

[Stage 4:=============================>                             (1 + 1) / 2]

                                                                                

[Stage 7:>                                                          (0 + 2) / 2]

                                                                                

[Stage 10:>                                                         (0 + 2) / 2]

                                                                                

[Stage 13:>                                                         (0 + 2) / 2]

                                                                                

[Stage 16:>                                                         (0 + 2) / 2]

                                                                                

[Stage 19:>                                                         (0 + 2) / 2]

[Stage 20:>                                                         (0 + 2) / 2]

                                                                                

[Stage 23:>                                                         (0 + 2) / 2]

                                                                                

[Stage 26:>                                                         (0 + 2) / 2]

                                                                                

[Stage 29:>                                                         (0 + 2) / 2]

                                                                                

[Stage 32:>                                                         (0 + 2) / 2]

[Stage 32:=============================>                            (1 + 1) / 2]

                                                                                

[Stage 35:>                                                         (0 + 2) / 2]

[Stage 35:=============================>                            (1 + 1) / 2]

[Stage 36:>                                                         (0 + 2) / 2]

                                                                                

[Stage 39:>                                                         (0 + 2) / 2]

                                                                                

[Stage 42:>                                                         (0 + 2) / 2]

                                                                                

[Stage 45:>                                                         (0 + 2) / 2]

                                                                                

[Stage 48:>                                                         (0 + 2) / 2]

                                                                                

[Stage 51:>                                                         (0 + 2) / 2]

[Stage 52:>                                                         (0 + 2) / 2]

                                                                                

[Stage 55:>                                                         (0 + 2) / 2]

                                                                                

[Stage 58:>                                                         (0 + 2) / 2]

                                                                                

[Stage 61:>                                                         (0 + 2) / 2]

                                                                                

[Stage 64:>                                                         (0 + 2) / 2]

                                                                                

[Stage 65:>                                                         (0 + 2) / 2]

                                                                                

[Stage 66:>                                                         (0 + 2) / 2]

[Stage 67:>                                                         (0 + 2) / 2]

[Stage 67:=============================>                            (1 + 1) / 2]

[Stage 68:>                                                         (0 + 2) / 2]

[Stage 69:>                                                         (0 + 2) / 2]

                                                                                

[Stage 72:>                                                         (0 + 2) / 2]

                                                                                

[Stage 75:>                                                         (0 + 2) / 2]

                                                                                

[Stage 78:>                                                         (0 + 2) / 2]

                                                                                

[Stage 81:>                                                         (0 + 2) / 2]

                                                                                

[Stage 84:>                                                         (0 + 2) / 2]

[Stage 85:>                                                         (0 + 2) / 2]

                                                                                

[Stage 88:>                                                         (0 + 2) / 2]

                                                                                

[Stage 91:>                                                         (0 + 2) / 2]

                                                                                

[Stage 94:>                                                         (0 + 2) / 2]

[Stage 94:=============================>                            (1 + 1) / 2]

                                                                                

[Stage 97:>                                                         (0 + 2) / 2]

                                                                                

[Stage 100:>                                                        (0 + 2) / 2]

[Stage 101:>                                                        (0 + 2) / 2]

                                                                                

[Stage 104:>                                                        (0 + 2) / 2]

[Stage 104:============================>                            (1 + 1) / 2]

                                                                                

[Stage 107:>                                                        (0 + 2) / 2]

                                                                                

[Stage 110:>                                                        (0 + 2) / 2]

                                                                                

[Stage 113:>                                                        (0 + 2) / 2]

                                                                                

[Stage 116:>                                                        (0 + 2) / 2]

[Stage 117:>                                                        (0 + 2) / 2]

                                                                                

[Stage 120:>                                                        (0 + 2) / 2]

                                                                                

[Stage 123:>                                                        (0 + 2) / 2]

                                                                                

[Stage 126:>                                                        (0 + 2) / 2]

                                                                                

[Stage 129:>                                                        (0 + 2) / 2]

                                                                                

=== Running n=10000 ===

[Stage 130:>                                                        (0 + 3) / 3]

[Stage 130:===================>                                     (1 + 2) / 3]

                                                                                

[Stage 131:>                                                        (0 + 3) / 3]

[Stage 131:======================================>                  (2 + 1) / 3]

[Stage 132:>                                                        (0 + 3) / 3]

[Stage 132:======================================>                  (2 + 1) / 3]

[Stage 133:>                                                        (0 + 3) / 3]

[Stage 133:===================>                                     (1 + 2) / 3]

[Stage 133:======================================>                  (2 + 1) / 3]

[Stage 134:>                                                        (0 + 3) / 3]

                                                                                

[Stage 137:>                                                        (0 + 3) / 3]

[Stage 137:======================================>                  (2 + 1) / 3]

                                                                                

[Stage 140:>                                                        (0 + 3) / 3]

                                                                                

[Stage 143:>                                                        (0 + 3) / 3]

[Stage 143:===================>                                     (1 + 2) / 3]

                                                                                

[Stage 146:>                                                        (0 + 3) / 3]

                                                                                

[Stage 149:>                                                        (0 + 3) / 3]

[Stage 150:>                                                        (0 + 3) / 3]

                                                                                

[Stage 153:>                                                        (0 + 3) / 3]

[Stage 153:======================================>                  (2 + 1) / 3]

                                                                                

[Stage 156:>                                                        (0 + 3) / 3]

                                                                                

[Stage 159:>                                                        (0 + 3) / 3]

[Stage 159:===================>                                     (1 + 2) / 3]

                                                                                

[Stage 162:>                                                        (0 + 3) / 3]

                                                                                

[Stage 165:>                                                        (0 + 3) / 3]

[Stage 166:>                                                        (0 + 3) / 3]

[Stage 166:======================================>                  (2 + 1) / 3]

                                                                                

[Stage 169:>                                                        (0 + 3) / 3]

[Stage 169:======================================>                  (2 + 1) / 3]

                                                                                

[Stage 172:>                                                        (0 + 3) / 3]

                                                                                

[Stage 175:>                                                        (0 + 3) / 3]

[Stage 175:===================>                                     (1 + 2) / 3]

                                                                                

[Stage 178:>                                                        (0 + 3) / 3]

                                                                                

[Stage 181:>                                                        (0 + 3) / 3]

[Stage 182:>                                                        (0 + 3) / 3]

[Stage 182:======================================>                  (2 + 1) / 3]

                                                                                

[Stage 185:>                                                        (0 + 3) / 3]

[Stage 185:======================================>                  (2 + 1) / 3]

                                                                                

[Stage 188:>                                                        (0 + 3) / 3]

                                                                                

[Stage 191:>                                                        (0 + 3) / 3]

[Stage 191:===================>                                     (1 + 2) / 3]

                                                                                

[Stage 194:>                                                        (0 + 3) / 3]

                                                                                

[Stage 195:>                                                        (0 + 3) / 3]

                                                                                

[Stage 196:>                                                        (0 + 3) / 3]

[Stage 197:>                                                        (0 + 3) / 3]

[Stage 197:===================>                                     (1 + 2) / 3]

[Stage 197:======================================>                  (2 + 1) / 3]

[Stage 198:>                                                        (0 + 3) / 3]

[Stage 198:===================>                                     (1 + 2) / 3]

[Stage 198:======================================>                  (2 + 1) / 3]

[Stage 199:>                                                        (0 + 3) / 3]

                                                                                

[Stage 202:>                                                        (0 + 3) / 3]

[Stage 202:======================================>                  (2 + 1) / 3]

                                                                                

[Stage 205:>                                                        (0 + 3) / 3]

[Stage 205:======================================>                  (2 + 1) / 3]

                                                                                

[Stage 208:>                                                        (0 + 3) / 3]

[Stage 208:===================>                                     (1 + 2) / 3]

                                                                                

[Stage 211:>                                                        (0 + 3) / 3]

                                                                                

[Stage 214:>                                                        (0 + 3) / 3]

[Stage 215:>                                                        (0 + 3) / 3]

                                                                                

[Stage 218:>                                                        (0 + 3) / 3]

[Stage 218:======================================>                  (2 + 1) / 3]

                                                                                

[Stage 221:>                                                        (0 + 3) / 3]

[Stage 221:======================================>                  (2 + 1) / 3]

                                                                                

[Stage 224:>                                                        (0 + 3) / 3]

[Stage 224:===================>                                     (1 + 2) / 3]

                                                                                

[Stage 227:>                                                        (0 + 3) / 3]

[Stage 227:======================================>                  (2 + 1) / 3]

                                                                                

[Stage 230:>                                                        (0 + 3) / 3]

[Stage 230:======================================>                  (2 + 1) / 3]

[Stage 231:>                                                        (0 + 3) / 3]

                                                                                

[Stage 234:>                                                        (0 + 3) / 3]

[Stage 234:======================================>                  (2 + 1) / 3]

                                                                                

[Stage 237:>                                                        (0 + 3) / 3]

[Stage 237:======================================>                  (2 + 1) / 3]

                                                                                

[Stage 240:>                                                        (0 + 3) / 3]

[Stage 240:===================>                                     (1 + 2) / 3]

                                                                                

[Stage 243:>                                                        (0 + 3) / 3]

                                                                                

[Stage 246:>                                                        (0 + 3) / 3]

[Stage 246:======================================>                  (2 + 1) / 3]

[Stage 247:>                                                        (0 + 3) / 3]

                                                                                

[Stage 250:>                                                        (0 + 3) / 3]

[Stage 250:======================================>                  (2 + 1) / 3]

                                                                                

[Stage 253:>                                                        (0 + 3) / 3]

[Stage 253:======================================>                  (2 + 1) / 3]

                                                                                

[Stage 256:>                                                        (0 + 3) / 3]

[Stage 256:===================>                                     (1 + 2) / 3]

                                                                                

[Stage 259:>                                                        (0 + 3) / 3]

[Stage 259:======================================>                  (2 + 1) / 3]

                                                                                
        n  b   m  k  num_docs   time_sec  mean_cosine  cosine_hamming
0    1000  4  64  0        12  17.299365     0.993197        1.000000
1    1000  4  64  2       111   9.309901     0.974107        0.996689
2    1000  4  64  4       324   8.967720     0.928975        0.987495
3    1000  4  64  8       773   9.532175     0.828996        0.946347
4    1000  8  64  0        12  16.379503     0.993197        1.000000
5    1000  8  64  2       111   9.491907     0.974107        0.996689
6    1000  8  64  4       334   9.391600     0.926288        0.987152
7    1000  8  64  8       908   9.484642     0.816138        0.939285
8   10000  4  64  0       242  24.805669     0.984003        1.000000
9   10000  4  64  2      1752  13.628168     0.945472        0.996351
10  10000  4  64  4      4547  14.690990     0.896289        0.985550
11  10000  4  64  8      8803  13.942966     0.818525        0.946053
12  10000  8  64  0       237  31.565282     0.984000        1.000000
13  10000  8  64  2      1703  18.605769     0.948010        0.996375
14  10000  8  64  4      4519  18.087664     0.900869        0.985559
15  10000  8  64  8      9313  18.779119     0.817143        0.942569
OPERAZIONE RIUSCITA: il processo con PID 15308 (processo figlio del

PID 22220) Š stato terminato.
OPERAZIONE RIUSCITA: il processo con PID 22220 (processo figlio del

PID 27568) Š stato terminato.
OPERAZIONE RIUSCITA: il processo con PID 27568 (processo figlio del

PID 19284) Š stato terminato.
