14:03:09 [log] log file       = C:\Devel\RUBEN\logs\ass3_23-05_ass3_23-05_full_20260523_140309.log
14:03:09 [log] timings CSV    = C:\Devel\RUBEN\profile_timings_ass3_23-05_full.csv
14:03:09 [log] spark events   = C:\Devel\RUBEN\logs\spark-events
WARNING: Using incubator modules: jdk.incubator.vector
Using Spark's default log4j profile: org/apache/spark/log4j2-defaults.properties
Setting default log level to "WARN".
To adjust logging level use sc.setLogLevel(newLevel). For SparkR, use setLogLevel(newLevel).
14:03:15 [profile n=- b=-] spark_init=5.756s  defaultParallelism=32
14:03:15 [profile n=- b=-] dataset_load=0.181s  shape=(1000000, 128)
14:03:15 [config] USE_MEMORY_OPTIMIZATIONS=True
14:03:15 [config] N_VALUES=[10000, 50000, 100000, 500000, 1000000]
14:03:15 [config] SUFFIX='_ass3_23-05_full'
14:03:16 === Running n=10000, m=64 ===
14:03:16     parts=3 (~3333 elements/partition)

[Stage 0:>                                                          (0 + 3) / 3]

                                                                                
14:03:20 [profile n=10000 b=-] broadcast_D=0.041s
14:03:20 [profile n=10000 b=-] simhash=4.730s
14:03:20 [profile n=10000 b=-] broadcast_sigs=0.007s

[Stage 1:>                                                          (0 + 3) / 3]

[Stage 2:>                                                          (0 + 3) / 3]

[Stage 2:=======================================>                   (2 + 1) / 3]

[Stage 3:>                                                          (0 + 3) / 3]

[Stage 3:===================>                                       (1 + 2) / 3]

                                                                                

[Stage 6:>                                                          (0 + 3) / 3]

                                                                                
14:03:43 [profile n=10000 b=4] banding_candidates=18.205s  pairs=549639
14:03:43 [profile n=10000 b=4] compute=4.600s  pairs=549639

[Stage 7:>                                                          (0 + 3) / 3]

[Stage 7:=======================================>                   (2 + 1) / 3]

[Stage 8:>                                                          (0 + 3) / 3]

[Stage 8:===================>                                       (1 + 2) / 3]

[Stage 8:=======================================>                   (2 + 1) / 3]

[Stage 9:>                                                          (0 + 3) / 3]

[Stage 9:===================>                                       (1 + 2) / 3]

                                                                                

[Stage 12:>                                                         (0 + 3) / 3]

[Stage 12:===================>                                      (1 + 2) / 3]

[Stage 12:======================================>                   (2 + 1) / 3]

                                                                                
14:04:17 [profile n=10000 b=8] banding_candidates=26.028s  pairs=4842328
14:04:17 [profile n=10000 b=8] compute=7.349s  pairs=4842328
14:04:17 [profile n=10000 b=-] total_n=61.065s
14:04:17 === Running n=50000, m=64 ===
14:04:17     parts=11 (~4545 elements/partition)

[Stage 13:>                                                       (0 + 11) / 11]

                                                                                
14:04:33 [profile n=50000 b=-] broadcast_D=0.100s
14:04:33 [profile n=50000 b=-] simhash=15.799s
14:04:33 [profile n=50000 b=-] broadcast_sigs=0.021s

[Stage 14:>                                                       (0 + 11) / 11]

[Stage 15:>                                                       (0 + 11) / 11]

[Stage 15:==================================================>     (10 + 1) / 11]

[Stage 16:>                                                       (0 + 11) / 11]

[Stage 16:=========================================>               (8 + 3) / 11]

[Stage 16:==================================================>     (10 + 1) / 11]

                                                                                

[Stage 19:>                                                       (0 + 11) / 11]

[Stage 19:=====>                                                  (1 + 10) / 11]

[Stage 19:===============>                                         (3 + 8) / 11]

[Stage 19:===============================>                         (6 + 5) / 11]

[Stage 19:=========================================>               (8 + 3) / 11]

[Stage 19:==================================================>     (10 + 1) / 11]

                                                                                
14:06:02 [profile n=50000 b=4] banding_candidates=70.250s  pairs=7467371
14:06:02 [profile n=50000 b=4] compute=18.651s  pairs=7467371

[Stage 20:>                                                       (0 + 11) / 11]

[Stage 20:=========================================>               (8 + 3) / 11]

[Stage 21:>                                                       (0 + 11) / 11]

[Stage 21:==========>                                              (2 + 9) / 11]

[Stage 21:=========================================>               (8 + 3) / 11]

[Stage 21:==============================================>          (9 + 2) / 11]

[Stage 21:==================================================>     (10 + 1) / 11]

[Stage 22:>                                                       (0 + 11) / 11]

[Stage 22:====================================>                    (7 + 4) / 11]

[Stage 22:==============================================>          (9 + 2) / 11]

[Stage 22:==================================================>     (10 + 1) / 11]

                                                                                

[Stage 25:>                                                       (0 + 11) / 11]

[Stage 25:=====>                                                  (1 + 10) / 11]

[Stage 25:==========>                                              (2 + 9) / 11]

[Stage 25:===============>                                         (3 + 8) / 11]

[Stage 25:====================>                                    (4 + 7) / 11]

[Stage 25:=========================>                               (5 + 6) / 11]

[Stage 25:===============================>                         (6 + 5) / 11]

[Stage 25:====================================>                    (7 + 4) / 11]

[Stage 25:=========================================>               (8 + 3) / 11]

[Stage 25:==============================================>          (9 + 2) / 11]

[Stage 25:==================================================>     (10 + 1) / 11]

                                                                                
14:07:44 [profile n=50000 b=8] banding_candidates=80.525s  pairs=17278241
14:07:44 [profile n=50000 b=8] compute=21.674s  pairs=17278241
14:07:44 [profile n=50000 b=-] total_n=207.530s
14:07:44 === Running n=100000, m=64 ===
14:07:44     parts=21 (~4761 elements/partition)

[Stage 26:>                                                       (0 + 21) / 21]

[Stage 26:=====================================================>  (20 + 1) / 21]

                                                                                
14:08:15 [profile n=100000 b=-] broadcast_D=0.198s
14:08:15 [profile n=100000 b=-] simhash=30.882s
14:08:15 [profile n=100000 b=-] broadcast_sigs=0.020s

[Stage 27:>                                                       (0 + 21) / 21]

[Stage 27:==========================>                            (10 + 11) / 21]

[Stage 28:>                                                       (0 + 21) / 21]

[Stage 28:==================>                                     (7 + 14) / 21]

[Stage 28:=====================================================>  (20 + 1) / 21]

[Stage 29:>                                                       (0 + 21) / 21]

[Stage 29:>                                                       (0 + 21) / 21]

[Stage 29:==========================>                            (10 + 11) / 21]

[Stage 29:==========================================>             (16 + 5) / 21]

[Stage 29:=====================================================>  (20 + 1) / 21]

                                                                                

[Stage 32:>                                                       (0 + 21) / 21]

[Stage 32:==>                                                     (1 + 20) / 21]

[Stage 32:========>                                               (3 + 18) / 21]

[Stage 32:==========>                                             (4 + 17) / 21]

[Stage 32:================>                                       (6 + 15) / 21]

[Stage 32:=====================>                                  (8 + 13) / 21]

[Stage 32:========================>                               (9 + 12) / 21]

[Stage 32:==========================>                            (10 + 11) / 21]

[Stage 32:================================>                       (12 + 9) / 21]

[Stage 32:========================================>               (15 + 6) / 21]

[Stage 32:==========================================>             (16 + 5) / 21]

[Stage 32:================================================>       (18 + 3) / 21]

[Stage 32:==================================================>     (19 + 2) / 21]

                                                                                
14:11:11 [profile n=100000 b=4] banding_candidates=136.366s  pairs=17711582
14:11:11 [profile n=100000 b=4] compute=39.512s  pairs=17711582

[Stage 33:>                                                       (0 + 21) / 21]

[Stage 33:========================================>               (15 + 6) / 21]

[Stage 34:>                                                       (0 + 21) / 21]

[Stage 34:=============================================>          (17 + 4) / 21]

[Stage 34:================================================>       (18 + 3) / 21]

[Stage 34:==================================================>     (19 + 2) / 21]

[Stage 34:=====================================================>  (20 + 1) / 21]

[Stage 35:>                                                       (0 + 21) / 21]

[Stage 35:==>                                                     (1 + 20) / 21]

[Stage 35:==================>                                     (7 + 14) / 21]

[Stage 35:========================================>               (15 + 6) / 21]

[Stage 35:=====================================================>  (20 + 1) / 21]

                                                                                

[Stage 38:>                                                       (0 + 21) / 21]

[Stage 38:=====>                                                  (2 + 19) / 21]

[Stage 38:========>                                               (3 + 18) / 21]

[Stage 38:=============>                                          (5 + 16) / 21]

[Stage 38:==================>                                     (7 + 14) / 21]

[Stage 38:========================>                               (9 + 12) / 21]

[Stage 38:==========================>                            (10 + 11) / 21]

[Stage 38:================================>                       (12 + 9) / 21]

[Stage 38:==================================>                     (13 + 8) / 21]

[Stage 38:========================================>               (15 + 6) / 21]

[Stage 38:==========================================>             (16 + 5) / 21]

[Stage 38:=============================================>          (17 + 4) / 21]

[Stage 38:==================================================>     (19 + 2) / 21]

                                                                                
14:13:35 [profile n=100000 b=8] banding_candidates=112.978s  pairs=23598857
14:13:35 [profile n=100000 b=8] compute=30.462s  pairs=23598857
14:13:36 [profile n=100000 b=-] total_n=351.388s
14:13:36 === Running n=500000, m=64 ===
14:13:36     parts=32 (~15625 elements/partition)

[Stage 39:>                                                       (0 + 32) / 32]

[Stage 39:======================================================> (31 + 1) / 32]

                                                                                
14:14:13 [profile n=500000 b=-] broadcast_D=0.967s
14:14:13 [profile n=500000 b=-] simhash=36.394s
14:14:13 [profile n=500000 b=-] broadcast_sigs=0.066s

[Stage 40:>                                                       (0 + 32) / 32]

[Stage 40:==================================>                    (20 + 12) / 32]

[Stage 41:>                                                       (0 + 32) / 32]

[Stage 41:====================>                                  (12 + 20) / 32]

[Stage 41:=============================>                         (17 + 15) / 32]

[Stage 41:==============================>                        (18 + 14) / 32]

[Stage 41:================================>                      (19 + 13) / 32]

[Stage 41:==================================>                    (20 + 12) / 32]

[Stage 41:====================================>                  (21 + 11) / 32]

[Stage 41:=====================================>                 (22 + 10) / 32]

[Stage 41:========================================>               (23 + 9) / 32]

[Stage 41:==========================================>             (24 + 8) / 32]

[Stage 41:===========================================>            (25 + 7) / 32]

[Stage 41:=============================================>          (26 + 6) / 32]

[Stage 41:===============================================>        (27 + 5) / 32]

[Stage 41:=================================================>      (28 + 4) / 32]

