WARNING: Using incubator modules: jdk.incubator.vector
Using Spark's default log4j profile: org/apache/spark/log4j2-defaults.properties
Setting default log level to "WARN".
To adjust logging level use sc.setLogLevel(newLevel). For SparkR, use setLogLevel(newLevel).
[config] USE_MEMORY_OPTIMIZATIONS=False
[config] N_VALUES=[1000, 10000]
[config] SUFFIX='_ass3_23-05_sanity'

=== Running n=1000, m=64 ===

[Stage 0:>                                                       (0 + 32) / 128]

[Stage 0:>                                                       (0 + 64) / 128]

[Stage 0:=============>                                         (32 + 32) / 128]

[Stage 0:===========================>                           (63 + 32) / 128]

[Stage 0:================================>                      (76 + 32) / 128]

[Stage 0:========================================>              (94 + 32) / 128]

[Stage 0:=============================================>        (107 + 21) / 128]

[Stage 0:=====================================================> (125 + 3) / 128]

[Stage 0:======================================================>(127 + 1) / 128]

                                                                                
[profile n=1000] broadcast_D=0.01s  simhash=221.74s  broadcast_sigs=0.01s

[Stage 1:>                                                       (0 + 32) / 128]

[Stage 1:=======>                                               (17 + 32) / 128]

[Stage 1:=============>                                         (32 + 32) / 128]

[Stage 1:======================>                                (52 + 32) / 128]

[Stage 1:===========================>                           (64 + 32) / 128]
----------------------------------------
Exception occurred during processing of request from ('127.0.0.1', 58346)
ERROR:root:Exception while sending command.
Traceback (most recent call last):
  File "C:\Devel\RUBEN\.venv\Lib\site-packages\py4j\clientserver.py", line 535, in send_command
    answer = smart_decode(self.stream.readline()[:-1])
                          ~~~~~~~~~~~~~~~~~~~~^^
  File "C:\Users\StefanoFante\AppData\Local\Programs\Python\Python314\Lib\socket.py", line 725, in readinto
    return self._sock.recv_into(b)
           ~~~~~~~~~~~~~~~~~~~~^^^
ConnectionResetError: [WinError 10054] Connessione in corso interrotta forzatamente dall'host remoto

During handling of the above exception, another exception occurred:

Traceback (most recent call last):
  File "C:\Devel\RUBEN\.venv\Lib\site-packages\py4j\java_gateway.py", line 1038, in send_command
    response = connection.send_command(command)
  File "C:\Devel\RUBEN\.venv\Lib\site-packages\py4j\clientserver.py", line 566, in send_command
    raise Py4JNetworkError(
        "Error while sending or receiving", e, proto.ERROR_ON_RECEIVE)
py4j.protocol.Py4JNetworkError: Error while sending or receiving
Traceback (most recent call last):
  File "C:\Users\StefanoFante\AppData\Local\Programs\Python\Python314\Lib\socketserver.py", line 318, in _handle_request_noblock
    self.process_request(request, client_address)
    ~~~~~~~~~~~~~~~~~~~~^^^^^^^^^^^^^^^^^^^^^^^^^
  File "C:\Users\StefanoFante\AppData\Local\Programs\Python\Python314\Lib\socketserver.py", line 349, in process_request
    self.finish_request(request, client_address)
    ~~~~~~~~~~~~~~~~~~~^^^^^^^^^^^^^^^^^^^^^^^^^
  File "C:\Users\StefanoFante\AppData\Local\Programs\Python\Python314\Lib\socketserver.py", line 362, in finish_request
    self.RequestHandlerClass(request, client_address, self)
    ~~~~~~~~~~~~~~~~~~~~~~~~^^^^^^^^^^^^^^^^^^^^^^^^^^^^^^^
  File "C:\Users\StefanoFante\AppData\Local\Programs\Python\Python314\Lib\socketserver.py", line 766, in __init__
    self.handle()
    ~~~~~~~~~~~^^
  File "C:\Devel\RUBEN\.venv\Lib\site-packages\pyspark\accumulators.py", line 303, in handle
    poll(accum_updates)
    ~~~~^^^^^^^^^^^^^^^
  File "C:\Devel\RUBEN\.venv\Lib\site-packages\pyspark\accumulators.py", line 272, in poll
    if self.rfile in r and func():
                           ~~~~^^
  File "C:\Devel\RUBEN\.venv\Lib\site-packages\pyspark\accumulators.py", line 276, in accum_updates
    num_updates = read_int(self.rfile)
  File "C:\Devel\RUBEN\.venv\Lib\site-packages\pyspark\serializers.py", line 595, in read_int
    length = stream.read(4)
  File "C:\Users\StefanoFante\AppData\Local\Programs\Python\Python314\Lib\socket.py", line 725, in readinto
    return self._sock.recv_into(b)
           ~~~~~~~~~~~~~~~~~~~~^^^
ConnectionResetError: [WinError 10054] Connessione in corso interrotta forzatamente dall'host remoto
----------------------------------------
