13:57:51 [log] log file       = C:\Devel\RUBEN\logs\ass3_23-05_ass3_23-05_medium_memopt_20260523_135751.log
13:57:51 [log] timings CSV    = C:\Devel\RUBEN\profile_timings_ass3_23-05_medium_memopt.csv
13:57:51 [log] spark events   = C:\Devel\RUBEN\logs\spark-events
WARNING: Using incubator modules: jdk.incubator.vector
Using Spark's default log4j profile: org/apache/spark/log4j2-defaults.properties
Setting default log level to "WARN".
To adjust logging level use sc.setLogLevel(newLevel). For SparkR, use setLogLevel(newLevel).
13:57:57 [profile n=- b=-] spark_init=5.796s  defaultParallelism=32
13:57:57 [profile n=- b=-] dataset_load=0.167s  shape=(1000000, 128)
13:57:57 [config] USE_MEMORY_OPTIMIZATIONS=True
13:57:57 [config] N_VALUES=[100000]
13:57:57 [config] SUFFIX='_ass3_23-05_medium_memopt'
13:57:57 === Running n=100000, m=64 ===
13:57:57     parts=21 (~4761 elements/partition)

[Stage 0:>                                                        (0 + 21) / 21]

                                                                                
13:58:26 [profile n=100000 b=-] broadcast_D=0.215s
13:58:26 [profile n=100000 b=-] simhash=28.340s
13:58:26 [profile n=100000 b=-] broadcast_sigs=0.022s

[Stage 1:>                                                        (0 + 21) / 21]

[Stage 2:>                                                        (0 + 21) / 21]

[Stage 2:===================================================>     (19 + 2) / 21]

[Stage 2:======================================================>  (20 + 1) / 21]

[Stage 3:>                                                        (0 + 21) / 21]

[Stage 3:===================================================>     (19 + 2) / 21]

[Stage 3:======================================================>  (20 + 1) / 21]

                                                                                

[Stage 6:>                                                        (0 + 21) / 21]

[Stage 6:=====>                                                   (2 + 19) / 21]

[Stage 6:========>                                                (3 + 18) / 21]

[Stage 6:==========>                                              (4 + 17) / 21]

[Stage 6:=============>                                           (5 + 16) / 21]

[Stage 6:===================>                                     (7 + 14) / 21]

[Stage 6:=====================>                                   (8 + 13) / 21]

[Stage 6:========================>                                (9 + 12) / 21]

[Stage 6:==========================>                             (10 + 11) / 21]

[Stage 6:================================>                        (12 + 9) / 21]

[Stage 6:======================================>                  (14 + 7) / 21]

[Stage 6:========================================>                (15 + 6) / 21]

[Stage 6:===========================================>             (16 + 5) / 21]

[Stage 6:================================================>        (18 + 3) / 21]

[Stage 6:======================================================>  (20 + 1) / 21]

                                                                                
14:00:39 [profile n=100000 b=4] banding_candidates=103.166s  pairs=17711582
14:00:39 [profile n=100000 b=4] compute=30.081s  pairs=17711582

[Stage 7:>                                                        (0 + 21) / 21]

[Stage 7:================>                                        (6 + 15) / 21]

[Stage 8:>                                                        (0 + 21) / 21]

[Stage 8:===================================>                     (13 + 8) / 21]

[Stage 8:===================================================>     (19 + 2) / 21]

[Stage 8:======================================================>  (20 + 1) / 21]

[Stage 9:>                                                        (0 + 21) / 21]

[Stage 9:=============>                                           (5 + 16) / 21]

[Stage 9:==============================================>          (17 + 4) / 21]

[Stage 9:======================================================>  (20 + 1) / 21]

                                                                                

[Stage 12:>                                                       (0 + 21) / 21]

[Stage 12:=====>                                                  (2 + 19) / 21]

[Stage 12:==========>                                             (4 + 17) / 21]

[Stage 12:=============>                                          (5 + 16) / 21]

[Stage 12:==================>                                     (7 + 14) / 21]

[Stage 12:=====================>                                  (8 + 13) / 21]

[Stage 12:==========================>                            (10 + 11) / 21]

[Stage 12:============================>                          (11 + 10) / 21]

[Stage 12:================================>                       (12 + 9) / 21]

[Stage 12:==================================>                     (13 + 8) / 21]

[Stage 12:========================================>               (15 + 6) / 21]

[Stage 12:==========================================>             (16 + 5) / 21]

[Stage 12:================================================>       (18 + 3) / 21]

[Stage 12:=====================================================>  (20 + 1) / 21]

                                                                                
14:03:00 [profile n=100000 b=8] banding_candidates=109.251s  pairs=23598857
14:03:00 [profile n=100000 b=8] compute=31.347s  pairs=23598857
14:03:01 [profile n=100000 b=-] total_n=303.591s
        n  b   m  k  num_docs  time_sec  mean_cosine  cosine_hamming
0  100000  4  64  0      3571  7.569146     0.963871        1.000000
1  100000  4  64  2     27167  7.579729     0.920429        0.996212
2  100000  4  64  4     62940  7.613562     0.879854        0.985431
3  100000  4  64  8     96415  7.869220     0.812610        0.946538
4  100000  8  64  0      1807  7.944347     0.981030        1.000000
5  100000  8  64  2     13361  7.954289     0.947654        0.996477
6  100000  8  64  4     35571  7.945984     0.901099        0.985879
7  100000  8  64  8     69578  8.111018     0.815831        0.942576
14:03:01 [profile n=- b=-] script_total=309.921s
OPERAZIONE RIUSCITA: il processo con PID 27924 (processo figlio del

PID 8488) Š stato terminato.
OPERAZIONE RIUSCITA: il processo con PID 8488 (processo figlio del

PID 21844) Š stato terminato.
OPERAZIONE RIUSCITA: il processo con PID 21844 (processo figlio del

PID 4116) Š stato terminato.
