13:41:18 [log] log file       = C:\Devel\RUBEN\logs\ass3_23-05_ass3_23-05_medium_naive_20260523_134118.log
13:41:18 [log] timings CSV    = C:\Devel\RUBEN\profile_timings_ass3_23-05_medium_naive.csv
13:41:18 [log] spark events   = C:\Devel\RUBEN\logs\spark-events
WARNING: Using incubator modules: jdk.incubator.vector
Using Spark's default log4j profile: org/apache/spark/log4j2-defaults.properties
Setting default log level to "WARN".
To adjust logging level use sc.setLogLevel(newLevel). For SparkR, use setLogLevel(newLevel).
13:41:24 [profile n=- b=-] spark_init=5.617s  defaultParallelism=32
13:41:24 [profile n=- b=-] dataset_load=0.172s  shape=(1000000, 128)
13:41:24 [config] USE_MEMORY_OPTIMIZATIONS=False
13:41:24 [config] N_VALUES=[100000]
13:41:24 [config] SUFFIX='_ass3_23-05_medium_naive'
13:41:24 === Running n=100000, m=64 ===
13:41:24     parts=21 (~4761 elements/partition)

[Stage 0:>                                                        (0 + 21) / 21]

                                                                                
13:41:55 [profile n=100000 b=-] broadcast_D=0.243s
13:41:55 [profile n=100000 b=-] simhash=30.288s
13:41:55 [profile n=100000 b=-] broadcast_sigs=0.022s

[Stage 1:>                                                        (0 + 21) / 21]

[Stage 1:==========================>                             (10 + 11) / 21]

[Stage 2:>                                                        (0 + 21) / 21]

[Stage 2:========================>                                (9 + 12) / 21]

[Stage 2:================================================>        (18 + 3) / 21]

[Stage 2:===================================================>     (19 + 2) / 21]

[Stage 2:======================================================>  (20 + 1) / 21]

[Stage 3:>                                                        (0 + 21) / 21]

[Stage 3:===================================================>     (19 + 2) / 21]

                                                                                

[Stage 6:>                                                        (0 + 21) / 21]

[Stage 6:==>                                                      (1 + 20) / 21]

[Stage 6:========>                                                (3 + 18) / 21]

[Stage 6:================>                                        (6 + 15) / 21]

[Stage 6:===================>                                     (7 + 14) / 21]

[Stage 6:=====================>                                   (8 + 13) / 21]

[Stage 6:==========================>                             (10 + 11) / 21]

[Stage 6:================================>                        (12 + 9) / 21]

[Stage 6:======================================>                  (14 + 7) / 21]

[Stage 6:========================================>                (15 + 6) / 21]

[Stage 6:==============================================>          (17 + 4) / 21]

[Stage 6:===================================================>     (19 + 2) / 21]

                                                                                
13:47:31 [profile n=100000 b=4] banding_candidates=102.052s  pairs=17711582
13:47:31 [profile n=100000 b=4] compute=233.820s  pairs=17711582

[Stage 7:>                                                        (0 + 21) / 21]

[Stage 7:=============================>                          (11 + 10) / 21]

[Stage 8:>                                                        (0 + 21) / 21]

[Stage 8:==============================================>          (17 + 4) / 21]

[Stage 8:===================================================>     (19 + 2) / 21]

[Stage 8:======================================================>  (20 + 1) / 21]

[Stage 9:>                                                        (0 + 21) / 21]

[Stage 9:>                                                        (0 + 21) / 21]

[Stage 9:=====================>                                   (8 + 13) / 21]

[Stage 9:===========================================>             (16 + 5) / 21]

[Stage 9:======================================================>  (20 + 1) / 21]

                                                                                

[Stage 12:>                                                       (0 + 21) / 21]

[Stage 12:=====>                                                  (2 + 19) / 21]

[Stage 12:==========>                                             (4 + 17) / 21]

[Stage 12:=============>                                          (5 + 16) / 21]

[Stage 12:==================>                                     (7 + 14) / 21]

[Stage 12:=====================>                                  (8 + 13) / 21]

[Stage 12:==========================>                            (10 + 11) / 21]

[Stage 12:================================>                       (12 + 9) / 21]

[Stage 12:=====================================>                  (14 + 7) / 21]

[Stage 12:========================================>               (15 + 6) / 21]

[Stage 12:=============================================>          (17 + 4) / 21]

[Stage 12:==================================================>     (19 + 2) / 21]

[Stage 12:=====================================================>  (20 + 1) / 21]

                                                                                
13:57:09 [profile n=100000 b=8] banding_candidates=140.728s  pairs=23598857
13:57:09 [profile n=100000 b=8] compute=436.407s  pairs=23598857
13:57:09 [profile n=100000 b=-] total_n=944.571s
        n  b   m  k  num_docs    time_sec  mean_cosine  cosine_hamming
0  100000  4  64  0      3571   58.509863     0.963871        1.000000
1  100000  4  64  2     27167   58.517057     0.920429        0.996212
2  100000  4  64  4     62940   58.549924     0.879854        0.985431
3  100000  4  64  8     96415   58.812003     0.812610        0.946538
4  100000  8  64  0      1807  109.173600     0.981030        1.000000
5  100000  8  64  2     13361  109.170815     0.947654        0.996477
6  100000  8  64  4     35571  109.182079     0.901099        0.985879
7  100000  8  64  8     69578  109.314224     0.815831        0.942576
13:57:09 [profile n=- b=-] script_total=950.700s
OPERAZIONE RIUSCITA: il processo con PID 13120 (processo figlio del

PID 11896) Š stato terminato.
OPERAZIONE RIUSCITA: il processo con PID 11896 (processo figlio del

PID 23664) Š stato terminato.
OPERAZIONE RIUSCITA: il processo con PID 23664 (processo figlio del

PID 18452) Š stato terminato.
