[driver] worker script = C:\Devel\RUBEN\ass3_ruben.py
======================================================================
PRESET: sanity
  n_values = 1000,10000
  mem_opt  = true
  suffix   = _sanity
======================================================================
  log file = C:\Devel\RUBEN\logs\ass3_ruben_sanity_20260523_172356.log

[sanity] completed in 441.8 s

======================================================================
PRESET: medium_naive
  n_values = 100000
  mem_opt  = false
  suffix   = _medium_naive
======================================================================
  log file = C:\Devel\RUBEN\logs\ass3_ruben_medium_naive_20260523_172356.log
Traceback (most recent call last):
  File "C:\Devel\RUBEN\run_all.py", line 200, in <module>
    main()
    ~~~~^^
  File "C:\Devel\RUBEN\run_all.py", line 173, in main
    elapsed = run_preset(preset)
  File "C:\Devel\RUBEN\run_all.py", line 150, in run_preset
    for line in proc.stdout:
                ^^^^^^^^^^^
  File "C:\Users\StefanoFante\AppData\Local\Programs\Python\Python314\Lib\encodings\cp1252.py", line 22, in decode
    def decode(self, input, final=False):
    
KeyboardInterrupt
