[driver] worker script = C:\Devel\RUBEN\ass3_23-05.py
======================================================================
PRESET: sanity
  n_values = 1000,10000
  mem_opt  = true
  suffix   = _sanity
======================================================================
  log file = C:\Devel\RUBEN\logs\ass3_23-05_sanity_20260523_133927.log

[sanity] completed in 110.2 s

======================================================================
PRESET: medium_naive
  n_values = 100000
  mem_opt  = false
  suffix   = _medium_naive
======================================================================
  log file = C:\Devel\RUBEN\logs\ass3_23-05_medium_naive_20260523_133927.log

[medium_naive] completed in 988.7 s

======================================================================
PRESET: medium_memopt
  n_values = 100000
  mem_opt  = true
  suffix   = _medium_memopt
======================================================================
  log file = C:\Devel\RUBEN\logs\ass3_23-05_medium_memopt_20260523_133927.log

[medium_memopt] completed in 322.0 s

======================================================================
PRESET: full
  n_values = 10000,50000,100000,500000,1000000
  mem_opt  = true
  suffix   = _full
======================================================================
  log file = C:\Devel\RUBEN\logs\ass3_23-05_full_20260523_133927.log
